app/build/intermediates/manifest_merge_blame_file/debug/manifest-merger-blame-debug-report.txt
1<?xml version="1.0" encoding="utf-8"?>
2<manifest xmlns:android="http://schemas.android.com/apk/res/android"
3    package="com.example.a374anroidsafetyapp"
4    android:versionCode="1"
5    android:versionName="1.0" >
6
7    <uses-sdk
8        android:minSdkVersion="29"
8-->src\main\AndroidManifest.xml
9        android:targetSdkVersion="31" />
9-->src\main\AndroidManifest.xml
10
11    <application
<<<<<<< Updated upstream
11-->src\main\AndroidManifest.xml:5:5-34:19
=======
11-->src\main\AndroidManifest.xml:5:5-31:19
>>>>>>> Stashed changes
12        android:allowBackup="true"
12-->src\main\AndroidManifest.xml:6:9-35
13        android:appComponentFactory="androidx.core.app.CoreComponentFactory"
13-->[androidx.core:core:1.5.0] AndroidManifest.xml:24:18-86
14        android:debuggable="true"
15        android:extractNativeLibs="false"
16        android:icon="@mipmap/ic_launcher"
16-->src\main\AndroidManifest.xml:7:9-43
17        android:label="@string/app_name"
17-->src\main\AndroidManifest.xml:8:9-41
18        android:roundIcon="@mipmap/ic_launcher_round"
18-->src\main\AndroidManifest.xml:9:9-54
19        android:supportsRtl="true"
19-->src\main\AndroidManifest.xml:10:9-35
20        android:testOnly="true"
21        android:theme="@style/Theme.374AnroidSafetyApp" >
21-->src\main\AndroidManifest.xml:11:9-56
22        <activity
<<<<<<< Updated upstream
22-->src\main\AndroidManifest.xml:13:9-15:39
23            android:name="com.example.a374anroidsafetyapp.securityQuiz"
23-->src\main\AndroidManifest.xml:14:13-41
24            android:exported="true" />
24-->src\main\AndroidManifest.xml:15:13-36
25        <activity
25-->src\main\AndroidManifest.xml:16:9-17:38
26            android:name="com.example.a374anroidsafetyapp.passwordStrength"
26-->src\main\AndroidManifest.xml:16:19-51
27            android:exported="true" />
27-->src\main\AndroidManifest.xml:17:13-36
28        <activity
28-->src\main\AndroidManifest.xml:18:9-19:38
29            android:name="com.example.a374anroidsafetyapp.recommendedSettings"
29-->src\main\AndroidManifest.xml:18:19-54
30            android:exported="true" />
30-->src\main\AndroidManifest.xml:19:13-36
31        <activity
31-->src\main\AndroidManifest.xml:20:9-21:38
32            android:name="com.example.a374anroidsafetyapp.Phishing"
32-->src\main\AndroidManifest.xml:20:19-43
33            android:exported="true" />
33-->src\main\AndroidManifest.xml:21:13-36
34        <activity
34-->src\main\AndroidManifest.xml:22:9-24:38
35            android:name="com.example.a374anroidsafetyapp.Menu"
35-->src\main\AndroidManifest.xml:23:13-33
36            android:exported="true" />
36-->src\main\AndroidManifest.xml:24:13-36
37        <activity
37-->src\main\AndroidManifest.xml:25:9-33:20
38            android:name="com.example.a374anroidsafetyapp.MainActivity"
38-->src\main\AndroidManifest.xml:26:13-41
39            android:exported="true" >
39-->src\main\AndroidManifest.xml:27:13-36
40            <intent-filter>
40-->src\main\AndroidManifest.xml:28:13-32:29
41                <action android:name="android.intent.action.MAIN" />
41-->src\main\AndroidManifest.xml:29:17-69
41-->src\main\AndroidManifest.xml:29:25-66
42
43                <category android:name="android.intent.category.LAUNCHER" />
43-->src\main\AndroidManifest.xml:31:17-77
43-->src\main\AndroidManifest.xml:31:27-74
44            </intent-filter>
45        </activity>
46    </application>
47
48</manifest>
=======
22-->src\main\AndroidManifest.xml:13:9-15:39
23            android:name="com.example.a374anroidsafetyapp.securityQuiz"
23-->src\main\AndroidManifest.xml:14:13-41
24            android:exported="true" />
24-->src\main\AndroidManifest.xml:15:13-36
25        <activity
25-->src\main\AndroidManifest.xml:16:9-18:38
26            android:name="com.example.a374anroidsafetyapp.Menu"
26-->src\main\AndroidManifest.xml:17:13-33
27            android:exported="true" />
27-->src\main\AndroidManifest.xml:18:13-36
28        <activity
28-->src\main\AndroidManifest.xml:19:9-27:20
29            android:name="com.example.a374anroidsafetyapp.MainActivity"
29-->src\main\AndroidManifest.xml:20:13-41
30            android:exported="true" >
30-->src\main\AndroidManifest.xml:21:13-36
31            <intent-filter>
31-->src\main\AndroidManifest.xml:22:13-26:29
32                <action android:name="android.intent.action.MAIN" />
32-->src\main\AndroidManifest.xml:23:17-69
32-->src\main\AndroidManifest.xml:23:25-66
33
34                <category android:name="android.intent.category.LAUNCHER" />
34-->src\main\AndroidManifest.xml:25:17-77
34-->src\main\AndroidManifest.xml:25:27-74
35            </intent-filter>
36        </activity>
37        <activity
37-->src\main\AndroidManifest.xml:28:9-30:38
38            android:name="com.example.a374anroidsafetyapp.PasswordStrength"
38-->src\main\AndroidManifest.xml:29:13-45
39            android:exported="true" />
39-->src\main\AndroidManifest.xml:30:13-36
40    </application>
41
42</manifest>
>>>>>>> Stashed changes